<?xml version="1.0" encoding="UTF-8"?>
<coverage generated="1607403092781" clover="3.2.0">
  <project timestamp="1607403092781" name="All files">
    <metrics statements="66" coveredstatements="66" conditionals="11" coveredconditionals="11" methods="20" coveredmethods="20" elements="97" coveredelements="97" complexity="0" loc="66" ncloc="66" packages="2" files="5" classes="5"/>
    <package name="_mocks_">
      <metrics statements="4" coveredstatements="4" conditionals="0" coveredconditionals="0" methods="0" coveredmethods="0"/>
      <file name="node-fetch.js" path="C:\Users\vivia\Documents\md-links\LIM013-fe-md-links\_mocks_\node-fetch.js">
        <metrics statements="4" coveredstatements="4" conditionals="0" coveredconditionals="0" methods="0" coveredmethods="0"/>
        <line num="1" count="1" type="stmt"/>
        <line num="2" count="1" type="stmt"/>
        <line num="4" count="1" type="stmt"/>
        <line num="8" count="1" type="stmt"/>
      </file>
    </package>
    <package name="src">
      <metrics statements="62" coveredstatements="62" conditionals="11" coveredconditionals="11" methods="20" coveredmethods="20"/>
      <file name="mdLinks.js" path="C:\Users\vivia\Documents\md-links\LIM013-fe-md-links\src\mdLinks.js">
        <metrics statements="9" coveredstatements="9" conditionals="3" coveredconditionals="3" methods="2" coveredmethods="2"/>
        <line num="1" count="2" type="stmt"/>
        <line num="2" count="2" type="stmt"/>
        <line num="4" count="2" type="cond" truecount="1" falsecount="0"/>
        <line num="5" count="6" type="stmt"/>
        <line num="6" count="6" type="stmt"/>
        <line num="7" count="6" type="cond" truecount="2" falsecount="0"/>
        <line num="8" count="2" type="stmt"/>
        <line num="10" count="4" type="stmt"/>
        <line num="18" count="2" type="stmt"/>
      </file>
      <file name="stats.js" path="C:\Users\vivia\Documents\md-links\LIM013-fe-md-links\src\stats.js">
        <metrics statements="13" coveredstatements="13" conditionals="0" coveredconditionals="0" methods="5" coveredmethods="5"/>
        <line num="1" count="1" type="stmt"/>
        <line num="3" count="1" type="stmt"/>
        <line num="4" count="1" type="stmt"/>
        <line num="5" count="5" type="stmt"/>
        <line num="6" count="1" type="stmt"/>
        <line num="7" count="1" type="stmt"/>
        <line num="10" count="1" type="stmt"/>
        <line num="11" count="1" type="stmt"/>
        <line num="12" count="5" type="stmt"/>
        <line num="13" count="5" type="stmt"/>
        <line num="14" count="1" type="stmt"/>
        <line num="15" count="1" type="stmt"/>
        <line num="20" count="1" type="stmt"/>
      </file>
      <file name="util.js" path="C:\Users\vivia\Documents\md-links\LIM013-fe-md-links\src\util.js">
        <metrics statements="30" coveredstatements="30" conditionals="8" coveredconditionals="8" methods="9" coveredmethods="9"/>
        <line num="2" count="4" type="stmt"/>
        <line num="5" count="4" type="stmt"/>
        <line num="8" count="4" type="stmt"/>
        <line num="11" count="15" type="stmt"/>
        <line num="13" count="81" type="cond" truecount="2" falsecount="0"/>
        <line num="16" count="75" type="stmt"/>
        <line num="19" count="56" type="stmt"/>
        <line num="22" count="4" type="stmt"/>
        <line num="23" count="73" type="stmt"/>
        <line num="24" count="73" type="stmt"/>
        <line num="25" count="73" type="cond" truecount="2" falsecount="0"/>
        <line num="26" count="54" type="cond" truecount="2" falsecount="0"/>
        <line num="27" count="37" type="stmt"/>
        <line num="30" count="19" type="stmt"/>
        <line num="31" count="59" type="stmt"/>
        <line num="32" count="59" type="stmt"/>
        <line num="36" count="73" type="stmt"/>
        <line num="40" count="4" type="stmt"/>
        <line num="41" count="13" type="cond" truecount="2" falsecount="0"/>
        <line num="42" count="1" type="stmt"/>
        <line num="44" count="12" type="stmt"/>
        <line num="45" count="12" type="stmt"/>
        <line num="46" count="12" type="stmt"/>
        <line num="47" count="12" type="stmt"/>
        <line num="48" count="34" type="stmt"/>
        <line num="49" count="34" type="stmt"/>
        <line num="50" count="69" type="stmt"/>
        <line num="57" count="34" type="stmt"/>
        <line num="59" count="12" type="stmt"/>
        <line num="64" count="4" type="stmt"/>
      </file>
      <file name="validate.js" path="C:\Users\vivia\Documents\md-links\LIM013-fe-md-links\src\validate.js">
        <metrics statements="10" coveredstatements="10" conditionals="0" coveredconditionals="0" methods="4" coveredmethods="4"/>
        <line num="1" count="3" type="stmt"/>
        <line num="2" count="3" type="stmt"/>
        <line num="4" count="3" type="stmt"/>
        <line num="5" count="5" type="stmt"/>
        <line num="6" count="5" type="stmt"/>
        <line num="7" count="26" type="stmt"/>
        <line num="8" count="19" type="stmt"/>
        <line num="12" count="3" type="stmt"/>
        <line num="20" count="5" type="stmt"/>
        <line num="24" count="3" type="stmt"/>
      </file>
    </package>
  </project>
</coverage>
