{"C:\\Users\\vivia\\Documents\\md-links\\LIM013-fe-md-links\\src\\util.js": {"path":"C:\\Users\\vivia\\Documents\\md-links\\LIM013-fe-md-links\\src\\util.js","statementMap":{"0":{"start":{"line":2,"column":11},"end":{"line":2,"column":24}},"1":{"start":{"line":4,"column":13},"end":{"line":4,"column":28}},"2":{"start":{"line":8,"column":18},"end":{"line":8,"column":49}},"3":{"start":{"line":8,"column":29},"end":{"line":8,"column":49}},"4":{"start":{"line":10,"column":21},"end":{"line":11,"column":54}},"5":{"start":{"line":11,"column":2},"end":{"line":11,"column":54}},"6":{"start":{"line":14,"column":17},"end":{"line":14,"column":55}},"7":{"start":{"line":14,"column":28},"end":{"line":14,"column":55}},"8":{"start":{"line":19,"column":23},"end":{"line":19,"column":63}},"9":{"start":{"line":19,"column":34},"end":{"line":19,"column":63}},"10":{"start":{"line":21,"column":20},"end":{"line":36,"column":1}},"11":{"start":{"line":22,"column":19},"end":{"line":22,"column":21}},"12":{"start":{"line":23,"column":18},"end":{"line":23,"column":37}},"13":{"start":{"line":24,"column":2},"end":{"line":34,"column":3}},"14":{"start":{"line":25,"column":4},"end":{"line":27,"column":5}},"15":{"start":{"line":26,"column":4},"end":{"line":26,"column":27}},"16":{"start":{"line":30,"column":4},"end":{"line":33,"column":7}},"17":{"start":{"line":31,"column":20},"end":{"line":31,"column":60}},"18":{"start":{"line":32,"column":6},"end":{"line":32,"column":29}},"19":{"start":{"line":35,"column":2},"end":{"line":35,"column":18}},"20":{"start":{"line":37,"column":1},"end":{"line":37,"column":113}},"21":{"start":{"line":39,"column":0},"end":{"line":45,"column":2}}},"fnMap":{"0":{"name":"(anonymous_0)","decl":{"start":{"line":8,"column":18},"end":{"line":8,"column":19}},"loc":{"start":{"line":8,"column":29},"end":{"line":8,"column":49}},"line":8},"1":{"name":"(anonymous_1)","decl":{"start":{"line":10,"column":21},"end":{"line":10,"column":22}},"loc":{"start":{"line":11,"column":2},"end":{"line":11,"column":54}},"line":11},"2":{"name":"(anonymous_2)","decl":{"start":{"line":14,"column":17},"end":{"line":14,"column":18}},"loc":{"start":{"line":14,"column":28},"end":{"line":14,"column":55}},"line":14},"3":{"name":"(anonymous_3)","decl":{"start":{"line":19,"column":23},"end":{"line":19,"column":24}},"loc":{"start":{"line":19,"column":34},"end":{"line":19,"column":63}},"line":19},"4":{"name":"(anonymous_4)","decl":{"start":{"line":21,"column":20},"end":{"line":21,"column":21}},"loc":{"start":{"line":21,"column":31},"end":{"line":36,"column":1}},"line":21},"5":{"name":"(anonymous_5)","decl":{"start":{"line":30,"column":36},"end":{"line":30,"column":37}},"loc":{"start":{"line":30,"column":46},"end":{"line":33,"column":5}},"line":30}},"branchMap":{"0":{"loc":{"start":{"line":11,"column":2},"end":{"line":11,"column":54}},"type":"cond-expr","locations":[{"start":{"line":11,"column":27},"end":{"line":11,"column":32}},{"start":{"line":11,"column":35},"end":{"line":11,"column":54}}],"line":11},"1":{"loc":{"start":{"line":24,"column":2},"end":{"line":34,"column":3}},"type":"if","locations":[{"start":{"line":24,"column":2},"end":{"line":34,"column":3}},{"start":{"line":24,"column":2},"end":{"line":34,"column":3}}],"line":24},"2":{"loc":{"start":{"line":25,"column":4},"end":{"line":27,"column":5}},"type":"if","locations":[{"start":{"line":25,"column":4},"end":{"line":27,"column":5}},{"start":{"line":25,"column":4},"end":{"line":27,"column":5}}],"line":25}},"s":{"0":1,"1":1,"2":1,"3":2,"4":1,"5":6,"6":1,"7":6,"8":1,"9":5,"10":1,"11":4,"12":4,"13":4,"14":3,"15":1,"16":1,"17":3,"18":3,"19":4,"20":1,"21":1},"f":{"0":2,"1":6,"2":6,"3":5,"4":4,"5":3},"b":{"0":[5,1],"1":[3,1],"2":[1,2]},"_coverageSchema":"1a1c01bbd47fc00a2c39e90264f33305004495a9","hash":"49b937eda9ccc92635582a3185faf8bf3c2376e5"}
}
