{"C:\\Users\\vivia\\Documents\\md-links\\LIM013-fe-md-links\\src\\util.js": {"path":"C:\\Users\\vivia\\Documents\\md-links\\LIM013-fe-md-links\\src\\util.js","statementMap":{"0":{"start":{"line":2,"column":11},"end":{"line":2,"column":24}},"1":{"start":{"line":4,"column":13},"end":{"line":4,"column":28}},"2":{"start":{"line":6,"column":15},"end":{"line":6,"column":32}},"3":{"start":{"line":8,"column":18},"end":{"line":8,"column":49}},"4":{"start":{"line":8,"column":29},"end":{"line":8,"column":49}},"5":{"start":{"line":10,"column":21},"end":{"line":11,"column":54}},"6":{"start":{"line":11,"column":2},"end":{"line":11,"column":54}},"7":{"start":{"line":14,"column":16},"end":{"line":14,"column":54}},"8":{"start":{"line":14,"column":27},"end":{"line":14,"column":54}},"9":{"start":{"line":17,"column":23},"end":{"line":17,"column":63}},"10":{"start":{"line":17,"column":34},"end":{"line":17,"column":63}},"11":{"start":{"line":19,"column":20},"end":{"line":34,"column":1}},"12":{"start":{"line":20,"column":19},"end":{"line":20,"column":21}},"13":{"start":{"line":21,"column":18},"end":{"line":21,"column":37}},"14":{"start":{"line":22,"column":2},"end":{"line":31,"column":3}},"15":{"start":{"line":23,"column":4},"end":{"line":25,"column":5}},"16":{"start":{"line":24,"column":6},"end":{"line":24,"column":29}},"17":{"start":{"line":27,"column":4},"end":{"line":30,"column":7}},"18":{"start":{"line":28,"column":20},"end":{"line":28,"column":60}},"19":{"start":{"line":29,"column":6},"end":{"line":29,"column":30}},"20":{"start":{"line":33,"column":2},"end":{"line":33,"column":18}},"21":{"start":{"line":36,"column":18},"end":{"line":57,"column":1}},"22":{"start":{"line":37,"column":2},"end":{"line":56,"column":3}},"23":{"start":{"line":38,"column":4},"end":{"line":38,"column":36}},"24":{"start":{"line":40,"column":20},"end":{"line":40,"column":38}},"25":{"start":{"line":41,"column":21},"end":{"line":41,"column":42}},"26":{"start":{"line":42,"column":23},"end":{"line":42,"column":25}},"27":{"start":{"line":43,"column":4},"end":{"line":54,"column":7}},"28":{"start":{"line":44,"column":19},"end":{"line":44,"column":53}},"29":{"start":{"line":45,"column":6},"end":{"line":52,"column":8}},"30":{"start":{"line":46,"column":8},"end":{"line":51,"column":11}},"31":{"start":{"line":53,"column":6},"end":{"line":53,"column":33}},"32":{"start":{"line":55,"column":4},"end":{"line":55,"column":22}},"33":{"start":{"line":61,"column":0},"end":{"line":68,"column":2}}},"fnMap":{"0":{"name":"(anonymous_0)","decl":{"start":{"line":8,"column":18},"end":{"line":8,"column":19}},"loc":{"start":{"line":8,"column":29},"end":{"line":8,"column":49}},"line":8},"1":{"name":"(anonymous_1)","decl":{"start":{"line":10,"column":21},"end":{"line":10,"column":22}},"loc":{"start":{"line":11,"column":2},"end":{"line":11,"column":54}},"line":11},"2":{"name":"(anonymous_2)","decl":{"start":{"line":14,"column":16},"end":{"line":14,"column":17}},"loc":{"start":{"line":14,"column":27},"end":{"line":14,"column":54}},"line":14},"3":{"name":"(anonymous_3)","decl":{"start":{"line":17,"column":23},"end":{"line":17,"column":24}},"loc":{"start":{"line":17,"column":34},"end":{"line":17,"column":63}},"line":17},"4":{"name":"(anonymous_4)","decl":{"start":{"line":19,"column":20},"end":{"line":19,"column":21}},"loc":{"start":{"line":19,"column":31},"end":{"line":34,"column":1}},"line":19},"5":{"name":"(anonymous_5)","decl":{"start":{"line":27,"column":36},"end":{"line":27,"column":37}},"loc":{"start":{"line":27,"column":49},"end":{"line":30,"column":5}},"line":27},"6":{"name":"(anonymous_6)","decl":{"start":{"line":36,"column":18},"end":{"line":36,"column":19}},"loc":{"start":{"line":36,"column":29},"end":{"line":57,"column":1}},"line":36},"7":{"name":"(anonymous_7)","decl":{"start":{"line":43,"column":20},"end":{"line":43,"column":21}},"loc":{"start":{"line":43,"column":35},"end":{"line":54,"column":5}},"line":43},"8":{"name":"(anonymous_8)","decl":{"start":{"line":45,"column":22},"end":{"line":45,"column":23}},"loc":{"start":{"line":45,"column":48},"end":{"line":52,"column":7}},"line":45}},"branchMap":{"0":{"loc":{"start":{"line":11,"column":2},"end":{"line":11,"column":54}},"type":"cond-expr","locations":[{"start":{"line":11,"column":27},"end":{"line":11,"column":32}},{"start":{"line":11,"column":35},"end":{"line":11,"column":54}}],"line":11},"1":{"loc":{"start":{"line":22,"column":2},"end":{"line":31,"column":3}},"type":"if","locations":[{"start":{"line":22,"column":2},"end":{"line":31,"column":3}},{"start":{"line":22,"column":2},"end":{"line":31,"column":3}}],"line":22},"2":{"loc":{"start":{"line":23,"column":4},"end":{"line":25,"column":5}},"type":"if","locations":[{"start":{"line":23,"column":4},"end":{"line":25,"column":5}},{"start":{"line":23,"column":4},"end":{"line":25,"column":5}}],"line":23},"3":{"loc":{"start":{"line":37,"column":2},"end":{"line":56,"column":3}},"type":"if","locations":[{"start":{"line":37,"column":2},"end":{"line":56,"column":3}},{"start":{"line":37,"column":2},"end":{"line":56,"column":3}}],"line":37}},"s":{"0":2,"1":2,"2":2,"3":2,"4":10,"5":2,"6":48,"7":2,"8":48,"9":2,"10":33,"11":2,"12":46,"13":46,"14":46,"15":31,"16":15,"17":15,"18":37,"19":37,"20":46,"21":2,"22":8,"23":1,"24":7,"25":7,"26":7,"27":7,"28":12,"29":12,"30":54,"31":12,"32":7,"33":2},"f":{"0":10,"1":48,"2":48,"3":33,"4":46,"5":37,"6":8,"7":12,"8":54},"b":{"0":[43,5],"1":[31,15],"2":[15,16],"3":[1,7]},"_coverageSchema":"1a1c01bbd47fc00a2c39e90264f33305004495a9","hash":"d46c6dc462934dea0af9ab9734e6f378b5e09761"}
,"C:\\Users\\vivia\\Documents\\md-links\\LIM013-fe-md-links\\src\\validate.js": {"path":"C:\\Users\\vivia\\Documents\\md-links\\LIM013-fe-md-links\\src\\validate.js","statementMap":{"0":{"start":{"line":1,"column":14},"end":{"line":1,"column":35}},"1":{"start":{"line":2,"column":15},"end":{"line":2,"column":35}},"2":{"start":{"line":4,"column":21},"end":{"line":27,"column":3}},"3":{"start":{"line":5,"column":25},"end":{"line":5,"column":48}},"4":{"start":{"line":6,"column":31},"end":{"line":25,"column":8}},"5":{"start":{"line":6,"column":61},"end":{"line":25,"column":7}},"6":{"start":{"line":8,"column":6},"end":{"line":14,"column":7}},"7":{"start":{"line":9,"column":8},"end":{"line":13,"column":10}},"8":{"start":{"line":15,"column":6},"end":{"line":19,"column":8}},"9":{"start":{"line":21,"column":17},"end":{"line":25,"column":5}},"10":{"start":{"line":26,"column":4},"end":{"line":26,"column":43}},"11":{"start":{"line":28,"column":2},"end":{"line":28,"column":66}},"12":{"start":{"line":28,"column":48},"end":{"line":28,"column":64}},"13":{"start":{"line":30,"column":2},"end":{"line":32,"column":3}}},"fnMap":{"0":{"name":"(anonymous_0)","decl":{"start":{"line":4,"column":21},"end":{"line":4,"column":22}},"loc":{"start":{"line":4,"column":32},"end":{"line":27,"column":3}},"line":4},"1":{"name":"(anonymous_1)","decl":{"start":{"line":6,"column":48},"end":{"line":6,"column":49}},"loc":{"start":{"line":6,"column":61},"end":{"line":25,"column":7}},"line":6},"2":{"name":"(anonymous_2)","decl":{"start":{"line":7,"column":10},"end":{"line":7,"column":11}},"loc":{"start":{"line":7,"column":17},"end":{"line":20,"column":5}},"line":7},"3":{"name":"(anonymous_3)","decl":{"start":{"line":21,"column":11},"end":{"line":21,"column":12}},"loc":{"start":{"line":21,"column":17},"end":{"line":25,"column":5}},"line":21},"4":{"name":"(anonymous_4)","decl":{"start":{"line":28,"column":39},"end":{"line":28,"column":40}},"loc":{"start":{"line":28,"column":48},"end":{"line":28,"column":64}},"line":28}},"branchMap":{"0":{"loc":{"start":{"line":8,"column":6},"end":{"line":14,"column":7}},"type":"if","locations":[{"start":{"line":8,"column":6},"end":{"line":14,"column":7}},{"start":{"line":8,"column":6},"end":{"line":14,"column":7}}],"line":8},"1":{"loc":{"start":{"line":8,"column":9},"end":{"line":8,"column":45}},"type":"binary-expr","locations":[{"start":{"line":8,"column":9},"end":{"line":8,"column":25}},{"start":{"line":8,"column":29},"end":{"line":8,"column":45}}],"line":8}},"s":{"0":1,"1":1,"2":1,"3":4,"4":4,"5":27,"6":23,"7":20,"8":3,"9":3,"10":4,"11":1,"12":1,"13":1},"f":{"0":4,"1":27,"2":23,"3":3,"4":1},"b":{"0":[20,3],"1":[23,23]},"_coverageSchema":"1a1c01bbd47fc00a2c39e90264f33305004495a9","hash":"acc7c7df40f1bcd36837b4cb79e1b4f3979dda36"}
}
