TN:
SF:_mocks_\node-fetch.js
FNF:0
FNH:0
DA:1,1
DA:2,1
DA:4,1
DA:8,1
LF:4
LH:4
BRF:0
BRH:0
end_of_record
TN:
SF:src\mdLinks.js
FN:4,(anonymous_0)
FN:5,(anonymous_1)
FNF:2
FNH:2
FNDA:6,(anonymous_0)
FNDA:6,(anonymous_1)
DA:1,2
DA:2,2
DA:4,2
DA:5,6
DA:6,6
DA:7,6
DA:8,2
DA:10,4
DA:18,2
LF:9
LH:9
BRDA:4,0,0,1
BRDA:7,1,0,2
BRDA:7,1,1,4
BRF:3
BRH:3
end_of_record
TN:
SF:src\stats.js
FN:3,(anonymous_0)
FN:5,(anonymous_1)
FN:10,(anonymous_2)
FN:12,(anonymous_3)
FN:13,(anonymous_4)
FNF:5
FNH:5
FNDA:1,(anonymous_0)
FNDA:5,(anonymous_1)
FNDA:1,(anonymous_2)
FNDA:5,(anonymous_3)
FNDA:5,(anonymous_4)
DA:1,1
DA:3,1
DA:4,1
DA:5,5
DA:6,1
DA:7,1
DA:10,1
DA:11,1
DA:12,5
DA:13,5
DA:14,1
DA:15,1
DA:20,1
LF:13
LH:13
BRF:0
BRH:0
end_of_record
TN:
SF:src\util.js
FN:11,(anonymous_0)
FN:13,(anonymous_1)
FN:16,(anonymous_2)
FN:19,(anonymous_3)
FN:22,(anonymous_4)
FN:30,(anonymous_5)
FN:40,(anonymous_6)
FN:47,(anonymous_7)
FN:49,(anonymous_8)
FNF:9
FNH:9
FNDA:15,(anonymous_0)
FNDA:81,(anonymous_1)
FNDA:75,(anonymous_2)
FNDA:56,(anonymous_3)
FNDA:73,(anonymous_4)
FNDA:59,(anonymous_5)
FNDA:13,(anonymous_6)
FNDA:34,(anonymous_7)
FNDA:69,(anonymous_8)
DA:2,4
DA:5,4
DA:8,4
DA:11,15
DA:13,81
DA:16,75
DA:19,56
DA:22,4
DA:23,73
DA:24,73
DA:25,73
DA:26,54
DA:27,37
DA:30,19
DA:31,59
DA:32,59
DA:36,73
DA:40,4
DA:41,13
DA:42,1
DA:44,12
DA:45,12
DA:46,12
DA:47,12
DA:48,34
DA:49,34
DA:50,69
DA:57,34
DA:59,12
DA:64,4
LF:30
LH:30
BRDA:13,0,0,74
BRDA:13,0,1,7
BRDA:25,1,0,54
BRDA:25,1,1,19
BRDA:26,2,0,37
BRDA:26,2,1,17
BRDA:41,3,0,1
BRDA:41,3,1,12
BRF:8
BRH:8
end_of_record
TN:
SF:src\validate.js
FN:4,(anonymous_0)
FN:6,(anonymous_1)
FN:7,(anonymous_2)
FN:12,(anonymous_3)
FNF:4
FNH:4
FNDA:5,(anonymous_0)
FNDA:26,(anonymous_1)
FNDA:18,(anonymous_2)
FNDA:3,(anonymous_3)
DA:1,3
DA:2,3
DA:4,3
DA:5,5
DA:6,5
DA:7,26
DA:8,18
DA:12,3
DA:20,5
DA:24,3
LF:10
LH:10
BRF:0
BRH:0
end_of_record
