TN:
SF:src\md-links.js
FN:4,(anonymous_0)
FN:4,(anonymous_1)
FN:16,(anonymous_2)
FNF:3
FNH:3
FNDA:7,(anonymous_0)
FNDA:7,(anonymous_1)
FNDA:1,(anonymous_2)
DA:1,1
DA:2,1
DA:4,7
DA:5,7
DA:6,7
DA:7,2
DA:9,5
DA:16,1
DA:18,1
LF:9
LH:9
BRDA:4,0,0,1
BRDA:5,1,0,7
BRDA:5,1,1,0
BRDA:6,2,0,2
BRDA:6,2,1,5
BRF:5
BRH:4
end_of_record
TN:
SF:src\stats.js
FN:3,(anonymous_0)
FN:5,(anonymous_1)
FN:10,(anonymous_2)
FN:12,(anonymous_3)
FN:13,(anonymous_4)
FNF:5
FNH:5
FNDA:1,(anonymous_0)
FNDA:5,(anonymous_1)
FNDA:1,(anonymous_2)
FNDA:5,(anonymous_3)
FNDA:5,(anonymous_4)
DA:1,1
DA:3,1
DA:4,1
DA:5,5
DA:6,1
DA:7,1
DA:10,1
DA:11,1
DA:12,5
DA:13,5
DA:14,1
DA:15,1
DA:18,1
LF:13
LH:13
BRF:0
BRH:0
end_of_record
TN:
SF:src\util.js
FN:11,(anonymous_0)
FN:13,(anonymous_1)
FN:16,(anonymous_2)
FN:19,(anonymous_3)
FN:22,(anonymous_4)
FN:30,(anonymous_5)
FN:40,(anonymous_6)
FN:47,(anonymous_7)
FN:49,(anonymous_8)
FNF:9
FNH:9
FNDA:16,(anonymous_0)
FNDA:65,(anonymous_1)
FNDA:58,(anonymous_2)
FNDA:38,(anonymous_3)
FNDA:56,(anonymous_4)
FNDA:41,(anonymous_5)
FNDA:14,(anonymous_6)
FNDA:17,(anonymous_7)
FNDA:52,(anonymous_8)
DA:2,3
DA:5,3
DA:8,3
DA:11,16
DA:13,65
DA:16,58
DA:19,38
DA:22,3
DA:23,56
DA:24,56
DA:25,56
DA:26,36
DA:27,20
DA:30,20
DA:31,41
DA:32,41
DA:36,56
DA:40,3
DA:41,14
DA:42,1
DA:44,13
DA:45,13
DA:46,13
DA:47,13
DA:48,17
DA:49,17
DA:50,52
DA:57,17
DA:59,13
DA:64,3
LF:30
LH:30
BRDA:13,0,0,47
BRDA:13,0,1,18
BRDA:25,1,0,36
BRDA:25,1,1,20
BRDA:26,2,0,20
BRDA:26,2,1,16
BRDA:41,3,0,1
BRDA:41,3,1,13
BRF:8
BRH:8
end_of_record
TN:
SF:src\validate.js
FN:4,(anonymous_0)
FN:6,(anonymous_1)
FN:7,(anonymous_2)
FN:21,(anonymous_3)
FNF:4
FNH:4
FNDA:5,(anonymous_0)
FNDA:20,(anonymous_1)
FNDA:17,(anonymous_2)
FNDA:2,(anonymous_3)
DA:1,2
DA:2,2
DA:4,2
DA:5,5
DA:6,20
DA:8,17
DA:9,15
DA:15,2
DA:21,2
DA:29,5
DA:33,2
LF:11
LH:11
BRDA:8,0,0,15
BRDA:8,0,1,2
BRDA:8,1,0,17
BRDA:8,1,1,17
BRF:4
BRH:4
end_of_record
